Arguments: 
  /usr/bin/node /usr/share/yarn/bin/yarn.js

PATH: 
  /home/daniel/.composer/vendor/bin:/usr/local/sbin:/usr/local/bin:/usr/sbin:/usr/bin:/sbin:/bin:/usr/games:/usr/local/games:/home/daniel/Documentos/Android/Sdk/tools:/home/daniel/Documentos/Android/Sdk/platform-tools:/home/daniel/Documentos/Android/Sdk/emulator

Yarn version: 
  1.17.3

Node version: 
  10.16.1

Platform: 
  linux x64

Trace: 
  SyntaxError: /home/daniel/Documentos/Daniel Obara/Projetos/DesafioMeetApp/backend/package.json: Unexpected string in JSON at position 208
      at JSON.parse (<anonymous>)
      at /usr/share/yarn/lib/cli.js:1625:59
      at Generator.next (<anonymous>)
      at step (/usr/share/yarn/lib/cli.js:304:30)
      at /usr/share/yarn/lib/cli.js:315:13

npm manifest: 
  {
    "name": "backend",
    "version": "1.0.0",
    "main": "index.js",
    "repository": "git@github.com:DanielObara/DesafioMeetApp.git",
    "author": "Daniel Obara <daniel.tsutomu@hotmail.com>",
    "license": "MIT"
  "dependencies": {
    "bcryptjs": "^2.4.3",
    "cors": "^2.8.5",
    "date-fns": "^2.0.0-beta.2",
    "express": "^4.17.1",
    "express-handlebars": "^3.1.0",
    "jsonwebtoken": "^8.5.1",
    "mongoose": "^5.6.4",
    "multer": "^1.4.1",
    "nodemailer": "^6.2.1",
    "nodemailer-express-handlebars": "^3.0.0",
    "pg": "^7.11.0",
    "pg-hstore": "^2.3.3",
    "prettier": "^1.18.2",
    "sequelize": "^5.9.0",
    "yup": "^0.27.0"
  },
  "devDependencies": {
    "eslint": "^5.16.0",
    "eslint-config-airbnb-base": "^13.1.0",
    "eslint-config-prettier": "^6.0.0",
    "eslint-plugin-import": "^2.18.0",
    "eslint-plugin-prettier": "^3.1.0",
    "eslint-plugin-react-hooks": "^1.7.0",
    "nodemon": "^1.19.1",
    "sequelize-cli": "^5.5.0",
    "sucrase": "^3.10.1"
  },
  "scripts": {
    "go": "nodemon src/server.js"
  }
  }

yarn manifest: 
  No manifest

Lockfile: 
  No lockfile
